<?xml version="1.0" encoding="UTF-8"?>
<testng-results ignored="0" total="1" passed="1" failed="0" skipped="0">
  <reporter-output>
  </reporter-output>
  <suite started-at="2024-06-15T14:04:19 IST" name="Default suite" finished-at="2024-06-15T14:05:05 IST" duration-ms="45972">
    <groups>
    </groups>
    <test started-at="2024-06-15T14:04:19 IST" name="Default test" finished-at="2024-06-15T14:05:05 IST" duration-ms="45972">
      <class name="bikeTest.bikeTestClass">
        <test-method is-config="true" signature="bt()[pri:0, instance:bikeTest.bikeTestClass@74751b3]" started-at="2024-06-15T14:04:19 IST" name="bt" finished-at="2024-06-15T14:04:27 IST" duration-ms="7731" status="PASS">
          <reporter-output>
          </reporter-output>
        </test-method> <!-- bt -->
        <test-method signature="test1()[pri:0, instance:bikeTest.bikeTestClass@74751b3]" started-at="2024-06-15T14:04:27 IST" name="test1" finished-at="2024-06-15T14:05:05 IST" duration-ms="38209" status="PASS">
          <reporter-output>
          </reporter-output>
        </test-method> <!-- test1 -->
      </class> <!-- bikeTest.bikeTestClass -->
    </test> <!-- Default test -->
  </suite> <!-- Default suite -->
</testng-results>
